{"/Users/PenguinCho/Desktop/testBattle/src/HOCexample.js": {"path":"/Users/PenguinCho/Desktop/testBattle/src/HOCexample.js","statementMap":{"0":{"start":{"line":3,"column":22},"end":{"line":9,"column":1}},"1":{"start":{"line":4,"column":2},"end":{"line":8,"column":8}},"2":{"start":{"line":12,"column":4},"end":{"line":12,"column":17}},"3":{"start":{"line":13,"column":4},"end":{"line":15,"column":6}},"4":{"start":{"line":18,"column":69},"end":{"line":18,"column":79}},"5":{"start":{"line":19,"column":4},"end":{"line":29,"column":6}},"6":{"start":{"line":34,"column":22},"end":{"line":55,"column":1}},"7":{"start":{"line":34,"column":56},"end":{"line":55,"column":1}},"8":{"start":{"line":36,"column":4},"end":{"line":36,"column":17}},"9":{"start":{"line":37,"column":4},"end":{"line":39,"column":6}},"10":{"start":{"line":42,"column":4},"end":{"line":44,"column":6}},"11":{"start":{"line":48,"column":4},"end":{"line":53,"column":6}},"12":{"start":{"line":56,"column":19},"end":{"line":56,"column":29}},"13":{"start":{"line":56,"column":24},"end":{"line":56,"column":29}},"14":{"start":{"line":57,"column":21},"end":{"line":57,"column":31}},"15":{"start":{"line":57,"column":26},"end":{"line":57,"column":31}},"16":{"start":{"line":58,"column":31},"end":{"line":58,"column":71}},"17":{"start":{"line":59,"column":33},"end":{"line":59,"column":77}}},"fnMap":{"0":{"name":"(anonymous_0)","decl":{"start":{"line":3,"column":22},"end":{"line":3,"column":23}},"loc":{"start":{"line":4,"column":2},"end":{"line":8,"column":8}},"line":4},"1":{"name":"(anonymous_1)","decl":{"start":{"line":11,"column":2},"end":{"line":11,"column":3}},"loc":{"start":{"line":11,"column":21},"end":{"line":16,"column":3}},"line":11},"2":{"name":"(anonymous_2)","decl":{"start":{"line":17,"column":2},"end":{"line":17,"column":3}},"loc":{"start":{"line":17,"column":11},"end":{"line":30,"column":3}},"line":17},"3":{"name":"(anonymous_3)","decl":{"start":{"line":34,"column":22},"end":{"line":34,"column":23}},"loc":{"start":{"line":34,"column":56},"end":{"line":55,"column":1}},"line":34},"4":{"name":"(anonymous_4)","decl":{"start":{"line":35,"column":2},"end":{"line":35,"column":3}},"loc":{"start":{"line":35,"column":21},"end":{"line":40,"column":3}},"line":35},"5":{"name":"(anonymous_5)","decl":{"start":{"line":41,"column":17},"end":{"line":41,"column":18}},"loc":{"start":{"line":41,"column":23},"end":{"line":45,"column":3}},"line":41},"6":{"name":"(anonymous_6)","decl":{"start":{"line":47,"column":2},"end":{"line":47,"column":3}},"loc":{"start":{"line":47,"column":11},"end":{"line":54,"column":3}},"line":47},"7":{"name":"(anonymous_7)","decl":{"start":{"line":56,"column":19},"end":{"line":56,"column":20}},"loc":{"start":{"line":56,"column":24},"end":{"line":56,"column":29}},"line":56},"8":{"name":"(anonymous_8)","decl":{"start":{"line":57,"column":21},"end":{"line":57,"column":22}},"loc":{"start":{"line":57,"column":26},"end":{"line":57,"column":31}},"line":57}},"branchMap":{"0":{"loc":{"start":{"line":3,"column":24},"end":{"line":3,"column":45}},"type":"default-arg","locations":[{"start":{"line":3,"column":30},"end":{"line":3,"column":45}}],"line":3},"1":{"loc":{"start":{"line":3,"column":47},"end":{"line":3,"column":72}},"type":"default-arg","locations":[{"start":{"line":3,"column":55},"end":{"line":3,"column":72}}],"line":3},"2":{"loc":{"start":{"line":3,"column":74},"end":{"line":3,"column":81}},"type":"default-arg","locations":[{"start":{"line":3,"column":80},"end":{"line":3,"column":81}}],"line":3},"3":{"loc":{"start":{"line":18,"column":12},"end":{"line":18,"column":25}},"type":"default-arg","locations":[{"start":{"line":18,"column":16},"end":{"line":18,"column":25}}],"line":18},"4":{"loc":{"start":{"line":18,"column":27},"end":{"line":18,"column":43}},"type":"default-arg","locations":[{"start":{"line":18,"column":35},"end":{"line":18,"column":43}}],"line":18},"5":{"loc":{"start":{"line":18,"column":45},"end":{"line":18,"column":64}},"type":"default-arg","locations":[{"start":{"line":18,"column":51},"end":{"line":18,"column":64}}],"line":18}},"s":{"0":0,"1":0,"2":0,"3":0,"4":0,"5":0,"6":0,"7":0,"8":0,"9":0,"10":0,"11":0,"12":0,"13":0,"14":0,"15":0,"16":0,"17":0},"f":{"0":0,"1":0,"2":0,"3":0,"4":0,"5":0,"6":0,"7":0,"8":0},"b":{"0":[0],"1":[0],"2":[0],"3":[0],"4":[0],"5":[0]}}
,"/Users/PenguinCho/Desktop/testBattle/src/TestPaper.js": {"path":"/Users/PenguinCho/Desktop/testBattle/src/TestPaper.js","statementMap":{"0":{"start":{"line":24,"column":32},"end":{"line":27,"column":1}},"1":{"start":{"line":25,"column":18},"end":{"line":25,"column":91}},"2":{"start":{"line":26,"column":2},"end":{"line":26,"column":78}},"3":{"start":{"line":31,"column":4},"end":{"line":31,"column":17}},"4":{"start":{"line":32,"column":4},"end":{"line":33,"column":6}},"5":{"start":{"line":36,"column":112},"end":{"line":36,"column":122}},"6":{"start":{"line":38,"column":4},"end":{"line":65,"column":6}},"7":{"start":{"line":42,"column":47},"end":{"line":42,"column":56}},"8":{"start":{"line":47,"column":12},"end":{"line":58,"column":29}}},"fnMap":{"0":{"name":"(anonymous_0)","decl":{"start":{"line":24,"column":32},"end":{"line":24,"column":33}},"loc":{"start":{"line":24,"column":41},"end":{"line":27,"column":1}},"line":24},"1":{"name":"(anonymous_1)","decl":{"start":{"line":30,"column":2},"end":{"line":30,"column":3}},"loc":{"start":{"line":30,"column":21},"end":{"line":34,"column":3}},"line":30},"2":{"name":"(anonymous_2)","decl":{"start":{"line":35,"column":2},"end":{"line":35,"column":3}},"loc":{"start":{"line":35,"column":11},"end":{"line":66,"column":3}},"line":35},"3":{"name":"(anonymous_3)","decl":{"start":{"line":42,"column":42},"end":{"line":42,"column":43}},"loc":{"start":{"line":42,"column":47},"end":{"line":42,"column":56}},"line":42},"4":{"name":"(anonymous_4)","decl":{"start":{"line":46,"column":21},"end":{"line":46,"column":22}},"loc":{"start":{"line":47,"column":12},"end":{"line":58,"column":29}},"line":47}},"branchMap":{"0":{"loc":{"start":{"line":36,"column":12},"end":{"line":36,"column":21}},"type":"default-arg","locations":[{"start":{"line":36,"column":19},"end":{"line":36,"column":21}}],"line":36},"1":{"loc":{"start":{"line":42,"column":12},"end":{"line":42,"column":92}},"type":"cond-expr","locations":[{"start":{"line":42,"column":23},"end":{"line":42,"column":87}},{"start":{"line":42,"column":90},"end":{"line":42,"column":92}}],"line":42},"2":{"loc":{"start":{"line":45,"column":9},"end":{"line":59,"column":20}},"type":"cond-expr","locations":[{"start":{"line":46,"column":10},"end":{"line":59,"column":11}},{"start":{"line":59,"column":14},"end":{"line":59,"column":20}}],"line":45},"3":{"loc":{"start":{"line":62,"column":58},"end":{"line":62,"column":92}},"type":"cond-expr","locations":[{"start":{"line":62,"column":69},"end":{"line":62,"column":83}},{"start":{"line":62,"column":86},"end":{"line":62,"column":92}}],"line":62}},"s":{"0":1,"1":0,"2":0,"3":0,"4":0,"5":0,"6":0,"7":0,"8":0},"f":{"0":0,"1":0,"2":0,"3":0,"4":0},"b":{"0":[0],"1":[0,0],"2":[0,0],"3":[0,0]},"_coverageSchema":"43e27e138ebf9cfc5966b082cf9a028302ed4184","hash":"9af5ed8c4243df2f3ef8381958698671bc4446b7"}
,"/Users/PenguinCho/Desktop/testBattle/src/app.js": {"path":"/Users/PenguinCho/Desktop/testBattle/src/app.js","statementMap":{"0":{"start":{"line":15,"column":0},"end":{"line":15,"column":41}},"1":{"start":{"line":18,"column":27},"end":{"line":24,"column":1}},"2":{"start":{"line":19,"column":11},"end":{"line":19,"column":24}},"3":{"start":{"line":20,"column":2},"end":{"line":22,"column":3}},"4":{"start":{"line":21,"column":4},"end":{"line":21,"column":22}},"5":{"start":{"line":23,"column":2},"end":{"line":23,"column":11}},"6":{"start":{"line":25,"column":29},"end":{"line":32,"column":1}},"7":{"start":{"line":26,"column":2},"end":{"line":31,"column":11}},"8":{"start":{"line":35,"column":4},"end":{"line":35,"column":17}},"9":{"start":{"line":36,"column":4},"end":{"line":47,"column":5}},"10":{"start":{"line":48,"column":4},"end":{"line":48,"column":24}},"11":{"start":{"line":52,"column":4},"end":{"line":73,"column":23}},"12":{"start":{"line":53,"column":19},"end":{"line":53,"column":29}},"13":{"start":{"line":55,"column":23},"end":{"line":55,"column":70}},"14":{"start":{"line":56,"column":22},"end":{"line":56,"column":26}},"15":{"start":{"line":57,"column":8},"end":{"line":61,"column":9}},"16":{"start":{"line":58,"column":10},"end":{"line":60,"column":11}},"17":{"start":{"line":58,"column":23},"end":{"line":58,"column":24}},"18":{"start":{"line":59,"column":12},"end":{"line":59,"column":85}},"19":{"start":{"line":62,"column":18},"end":{"line":67,"column":10}},"20":{"start":{"line":62,"column":35},"end":{"line":67,"column":9}},"21":{"start":{"line":68,"column":8},"end":{"line":71,"column":10}},"22":{"start":{"line":74,"column":6},"end":{"line":76,"column":7}},"23":{"start":{"line":75,"column":8},"end":{"line":75,"column":47}},"24":{"start":{"line":77,"column":32},"end":{"line":77,"column":67}},"25":{"start":{"line":78,"column":6},"end":{"line":80,"column":8}},"26":{"start":{"line":87,"column":4},"end":{"line":91,"column":5}},"27":{"start":{"line":88,"column":6},"end":{"line":90,"column":9}},"28":{"start":{"line":88,"column":30},"end":{"line":90,"column":7}},"29":{"start":{"line":95,"column":22},"end":{"line":95,"column":30}},"30":{"start":{"line":96,"column":4},"end":{"line":98,"column":6}},"31":{"start":{"line":99,"column":4},"end":{"line":99,"column":46}},"32":{"start":{"line":102,"column":19},"end":{"line":102,"column":27}},"33":{"start":{"line":103,"column":17},"end":{"line":103,"column":28}},"34":{"start":{"line":104,"column":4},"end":{"line":108,"column":5}},"35":{"start":{"line":105,"column":6},"end":{"line":107,"column":8}},"36":{"start":{"line":111,"column":58},"end":{"line":111,"column":68}},"37":{"start":{"line":112,"column":25},"end":{"line":112,"column":60}},"38":{"start":{"line":113,"column":26},"end":{"line":113,"column":28}},"39":{"start":{"line":114,"column":4},"end":{"line":116,"column":5}},"40":{"start":{"line":115,"column":6},"end":{"line":115,"column":58}},"41":{"start":{"line":115,"column":47},"end":{"line":115,"column":57}},"42":{"start":{"line":117,"column":4},"end":{"line":117,"column":49}},"43":{"start":{"line":118,"column":4},"end":{"line":126,"column":5}},"44":{"start":{"line":119,"column":6},"end":{"line":125,"column":8}},"45":{"start":{"line":120,"column":36},"end":{"line":124,"column":9}},"46":{"start":{"line":128,"column":4},"end":{"line":138,"column":5}},"47":{"start":{"line":130,"column":8},"end":{"line":130,"column":72}},"48":{"start":{"line":131,"column":8},"end":{"line":131,"column":13}},"49":{"start":{"line":133,"column":8},"end":{"line":133,"column":73}},"50":{"start":{"line":134,"column":8},"end":{"line":134,"column":13}},"51":{"start":{"line":136,"column":8},"end":{"line":136,"column":73}},"52":{"start":{"line":137,"column":8},"end":{"line":137,"column":13}},"53":{"start":{"line":139,"column":4},"end":{"line":143,"column":7}},"54":{"start":{"line":139,"column":27},"end":{"line":143,"column":5}},"55":{"start":{"line":146,"column":25},"end":{"line":146,"column":35}},"56":{"start":{"line":147,"column":26},"end":{"line":147,"column":110}},"57":{"start":{"line":147,"column":44},"end":{"line":147,"column":109}},"58":{"start":{"line":148,"column":4},"end":{"line":151,"column":6}},"59":{"start":{"line":154,"column":35},"end":{"line":154,"column":45}},"60":{"start":{"line":155,"column":28},"end":{"line":155,"column":36}},"61":{"start":{"line":156,"column":4},"end":{"line":156,"column":48}},"62":{"start":{"line":158,"column":23},"end":{"line":158,"column":72}},"63":{"start":{"line":159,"column":4},"end":{"line":159,"column":27}},"64":{"start":{"line":160,"column":4},"end":{"line":164,"column":5}},"65":{"start":{"line":161,"column":6},"end":{"line":163,"column":8}},"66":{"start":{"line":167,"column":4},"end":{"line":169,"column":6}},"67":{"start":{"line":172,"column":4},"end":{"line":174,"column":7}},"68":{"start":{"line":172,"column":28},"end":{"line":174,"column":5}},"69":{"start":{"line":177,"column":109},"end":{"line":177,"column":119}},"70":{"start":{"line":178,"column":4},"end":{"line":215,"column":6}},"71":{"start":{"line":197,"column":23},"end":{"line":197,"column":42}},"72":{"start":{"line":210,"column":121},"end":{"line":210,"column":139}}},"fnMap":{"0":{"name":"(anonymous_0)","decl":{"start":{"line":18,"column":27},"end":{"line":18,"column":28}},"loc":{"start":{"line":18,"column":41},"end":{"line":24,"column":1}},"line":18},"1":{"name":"(anonymous_1)","decl":{"start":{"line":25,"column":29},"end":{"line":25,"column":30}},"loc":{"start":{"line":26,"column":2},"end":{"line":31,"column":11}},"line":26},"2":{"name":"(anonymous_2)","decl":{"start":{"line":34,"column":2},"end":{"line":34,"column":3}},"loc":{"start":{"line":34,"column":21},"end":{"line":49,"column":3}},"line":34},"3":{"name":"(anonymous_3)","decl":{"start":{"line":50,"column":23},"end":{"line":50,"column":24}},"loc":{"start":{"line":50,"column":29},"end":{"line":81,"column":3}},"line":50},"4":{"name":"(anonymous_4)","decl":{"start":{"line":53,"column":12},"end":{"line":53,"column":13}},"loc":{"start":{"line":53,"column":19},"end":{"line":53,"column":29}},"line":53},"5":{"name":"(anonymous_5)","decl":{"start":{"line":54,"column":12},"end":{"line":54,"column":13}},"loc":{"start":{"line":54,"column":20},"end":{"line":72,"column":7}},"line":54},"6":{"name":"(anonymous_6)","decl":{"start":{"line":62,"column":30},"end":{"line":62,"column":31}},"loc":{"start":{"line":62,"column":35},"end":{"line":67,"column":9}},"line":62},"7":{"name":"(anonymous_7)","decl":{"start":{"line":73,"column":13},"end":{"line":73,"column":14}},"loc":{"start":{"line":73,"column":20},"end":{"line":73,"column":22}},"line":73},"8":{"name":"(anonymous_8)","decl":{"start":{"line":82,"column":22},"end":{"line":82,"column":23}},"loc":{"start":{"line":82,"column":28},"end":{"line":84,"column":3}},"line":82},"9":{"name":"(anonymous_9)","decl":{"start":{"line":86,"column":20},"end":{"line":86,"column":21}},"loc":{"start":{"line":86,"column":26},"end":{"line":93,"column":3}},"line":86},"10":{"name":"(anonymous_10)","decl":{"start":{"line":88,"column":20},"end":{"line":88,"column":21}},"loc":{"start":{"line":88,"column":30},"end":{"line":90,"column":7}},"line":88},"11":{"name":"(anonymous_11)","decl":{"start":{"line":94,"column":22},"end":{"line":94,"column":23}},"loc":{"start":{"line":94,"column":29},"end":{"line":100,"column":3}},"line":94},"12":{"name":"(anonymous_12)","decl":{"start":{"line":101,"column":22},"end":{"line":101,"column":23}},"loc":{"start":{"line":101,"column":29},"end":{"line":109,"column":3}},"line":101},"13":{"name":"(anonymous_13)","decl":{"start":{"line":110,"column":21},"end":{"line":110,"column":22}},"loc":{"start":{"line":110,"column":27},"end":{"line":144,"column":3}},"line":110},"14":{"name":"(anonymous_14)","decl":{"start":{"line":115,"column":41},"end":{"line":115,"column":42}},"loc":{"start":{"line":115,"column":47},"end":{"line":115,"column":57}},"line":115},"15":{"name":"(anonymous_15)","decl":{"start":{"line":120,"column":31},"end":{"line":120,"column":32}},"loc":{"start":{"line":120,"column":36},"end":{"line":124,"column":9}},"line":120},"16":{"name":"(anonymous_16)","decl":{"start":{"line":139,"column":18},"end":{"line":139,"column":19}},"loc":{"start":{"line":139,"column":27},"end":{"line":143,"column":5}},"line":139},"17":{"name":"(anonymous_17)","decl":{"start":{"line":145,"column":23},"end":{"line":145,"column":24}},"loc":{"start":{"line":145,"column":29},"end":{"line":152,"column":3}},"line":145},"18":{"name":"(anonymous_18)","decl":{"start":{"line":147,"column":39},"end":{"line":147,"column":40}},"loc":{"start":{"line":147,"column":44},"end":{"line":147,"column":109}},"line":147},"19":{"name":"(anonymous_19)","decl":{"start":{"line":153,"column":24},"end":{"line":153,"column":25}},"loc":{"start":{"line":153,"column":31},"end":{"line":165,"column":3}},"line":153},"20":{"name":"(anonymous_20)","decl":{"start":{"line":166,"column":23},"end":{"line":166,"column":24}},"loc":{"start":{"line":166,"column":30},"end":{"line":170,"column":3}},"line":166},"21":{"name":"(anonymous_21)","decl":{"start":{"line":171,"column":30},"end":{"line":171,"column":31}},"loc":{"start":{"line":171,"column":36},"end":{"line":175,"column":3}},"line":171},"22":{"name":"(anonymous_22)","decl":{"start":{"line":172,"column":18},"end":{"line":172,"column":19}},"loc":{"start":{"line":172,"column":28},"end":{"line":174,"column":5}},"line":172},"23":{"name":"(anonymous_23)","decl":{"start":{"line":176,"column":2},"end":{"line":176,"column":3}},"loc":{"start":{"line":176,"column":11},"end":{"line":216,"column":3}},"line":176},"24":{"name":"(anonymous_24)","decl":{"start":{"line":197,"column":17},"end":{"line":197,"column":18}},"loc":{"start":{"line":197,"column":23},"end":{"line":197,"column":42}},"line":197},"25":{"name":"(anonymous_25)","decl":{"start":{"line":210,"column":115},"end":{"line":210,"column":116}},"loc":{"start":{"line":210,"column":121},"end":{"line":210,"column":139}},"line":210}},"branchMap":{"0":{"loc":{"start":{"line":18,"column":28},"end":{"line":18,"column":36}},"type":"default-arg","locations":[{"start":{"line":18,"column":35},"end":{"line":18,"column":36}}],"line":18},"1":{"loc":{"start":{"line":25,"column":58},"end":{"line":25,"column":68}},"type":"default-arg","locations":[{"start":{"line":25,"column":66},"end":{"line":25,"column":68}}],"line":25},"2":{"loc":{"start":{"line":57,"column":8},"end":{"line":61,"column":9}},"type":"if","locations":[{"start":{"line":57,"column":8},"end":{"line":61,"column":9}},{"start":{"line":57,"column":8},"end":{"line":61,"column":9}}],"line":57},"3":{"loc":{"start":{"line":74,"column":6},"end":{"line":76,"column":7}},"type":"if","locations":[{"start":{"line":74,"column":6},"end":{"line":76,"column":7}},{"start":{"line":74,"column":6},"end":{"line":76,"column":7}}],"line":74},"4":{"loc":{"start":{"line":87,"column":4},"end":{"line":91,"column":5}},"type":"if","locations":[{"start":{"line":87,"column":4},"end":{"line":91,"column":5}},{"start":{"line":87,"column":4},"end":{"line":91,"column":5}}],"line":87},"5":{"loc":{"start":{"line":104,"column":4},"end":{"line":108,"column":5}},"type":"if","locations":[{"start":{"line":104,"column":4},"end":{"line":108,"column":5}},{"start":{"line":104,"column":4},"end":{"line":108,"column":5}}],"line":104},"6":{"loc":{"start":{"line":114,"column":4},"end":{"line":116,"column":5}},"type":"if","locations":[{"start":{"line":114,"column":4},"end":{"line":116,"column":5}},{"start":{"line":114,"column":4},"end":{"line":116,"column":5}}],"line":114},"7":{"loc":{"start":{"line":118,"column":4},"end":{"line":126,"column":5}},"type":"if","locations":[{"start":{"line":118,"column":4},"end":{"line":126,"column":5}},{"start":{"line":118,"column":4},"end":{"line":126,"column":5}}],"line":118},"8":{"loc":{"start":{"line":128,"column":4},"end":{"line":138,"column":5}},"type":"switch","locations":[{"start":{"line":129,"column":6},"end":{"line":131,"column":13}},{"start":{"line":132,"column":6},"end":{"line":134,"column":13}},{"start":{"line":135,"column":6},"end":{"line":137,"column":13}}],"line":128},"9":{"loc":{"start":{"line":147,"column":64},"end":{"line":147,"column":107}},"type":"cond-expr","locations":[{"start":{"line":147,"column":95},"end":{"line":147,"column":99}},{"start":{"line":147,"column":102},"end":{"line":147,"column":107}}],"line":147},"10":{"loc":{"start":{"line":160,"column":4},"end":{"line":164,"column":5}},"type":"if","locations":[{"start":{"line":160,"column":4},"end":{"line":164,"column":5}},{"start":{"line":160,"column":4},"end":{"line":164,"column":5}}],"line":160},"11":{"loc":{"start":{"line":177,"column":51},"end":{"line":177,"column":60}},"type":"default-arg","locations":[{"start":{"line":177,"column":58},"end":{"line":177,"column":60}}],"line":177},"12":{"loc":{"start":{"line":206,"column":43},"end":{"line":206,"column":72}},"type":"cond-expr","locations":[{"start":{"line":206,"column":56},"end":{"line":206,"column":63}},{"start":{"line":206,"column":66},"end":{"line":206,"column":72}}],"line":206}},"s":{"0":1,"1":1,"2":0,"3":0,"4":0,"5":0,"6":1,"7":0,"8":1,"9":1,"10":1,"11":1,"12":1,"13":0,"14":0,"15":0,"16":0,"17":0,"18":0,"19":0,"20":0,"21":0,"22":1,"23":1,"24":1,"25":1,"26":0,"27":0,"28":0,"29":0,"30":0,"31":0,"32":0,"33":0,"34":0,"35":0,"36":0,"37":0,"38":0,"39":0,"40":0,"41":0,"42":0,"43":0,"44":0,"45":0,"46":0,"47":0,"48":0,"49":0,"50":0,"51":0,"52":0,"53":0,"54":0,"55":0,"56":0,"57":0,"58":0,"59":0,"60":0,"61":0,"62":0,"63":0,"64":0,"65":0,"66":0,"67":0,"68":0,"69":1,"70":1,"71":0,"72":0},"f":{"0":0,"1":0,"2":1,"3":1,"4":1,"5":0,"6":0,"7":1,"8":1,"9":0,"10":0,"11":0,"12":0,"13":0,"14":0,"15":0,"16":0,"17":0,"18":0,"19":0,"20":0,"21":0,"22":0,"23":1,"24":0,"25":0},"b":{"0":[0],"1":[0],"2":[0,0],"3":[1,0],"4":[0,0],"5":[0,0],"6":[0,0],"7":[0,0],"8":[0,0,0],"9":[0,0],"10":[0,0],"11":[0],"12":[0,1]},"_coverageSchema":"43e27e138ebf9cfc5966b082cf9a028302ed4184","hash":"edbcf72c5be6156bcc2c0d55e12a6aa062cb66ea"}
,"/Users/PenguinCho/Desktop/testBattle/src/functions.js": {"path":"/Users/PenguinCho/Desktop/testBattle/src/functions.js","statementMap":{"0":{"start":{"line":1,"column":25},"end":{"line":15,"column":1}},"1":{"start":{"line":2,"column":18},"end":{"line":2,"column":20}},"2":{"start":{"line":3,"column":14},"end":{"line":3,"column":15}},"3":{"start":{"line":4,"column":14},"end":{"line":4,"column":36}},"4":{"start":{"line":5,"column":19},"end":{"line":5,"column":42}},"5":{"start":{"line":6,"column":22},"end":{"line":6,"column":59}},"6":{"start":{"line":7,"column":2},"end":{"line":13,"column":3}},"7":{"start":{"line":8,"column":17},"end":{"line":8,"column":51}},"8":{"start":{"line":9,"column":4},"end":{"line":12,"column":5}},"9":{"start":{"line":10,"column":6},"end":{"line":10,"column":40}},"10":{"start":{"line":11,"column":6},"end":{"line":11,"column":23}},"11":{"start":{"line":14,"column":2},"end":{"line":14,"column":18}},"12":{"start":{"line":16,"column":32},"end":{"line":41,"column":1}},"13":{"start":{"line":17,"column":13},"end":{"line":17,"column":19}},"14":{"start":{"line":18,"column":23},"end":{"line":18,"column":36}},"15":{"start":{"line":19,"column":17},"end":{"line":19,"column":51}},"16":{"start":{"line":19,"column":36},"end":{"line":19,"column":47}},"17":{"start":{"line":20,"column":23},"end":{"line":20,"column":54}},"18":{"start":{"line":20,"column":41},"end":{"line":20,"column":53}},"19":{"start":{"line":21,"column":19},"end":{"line":21,"column":43}},"20":{"start":{"line":22,"column":20},"end":{"line":23,"column":3}},"21":{"start":{"line":24,"column":2},"end":{"line":40,"column":3}},"22":{"start":{"line":25,"column":4},"end":{"line":28,"column":5}},"23":{"start":{"line":29,"column":9},"end":{"line":40,"column":3}},"24":{"start":{"line":30,"column":4},"end":{"line":33,"column":5}},"25":{"start":{"line":35,"column":4},"end":{"line":39,"column":5}},"26":{"start":{"line":42,"column":22},"end":{"line":50,"column":1}},"27":{"start":{"line":43,"column":12},"end":{"line":43,"column":14}},"28":{"start":{"line":44,"column":10},"end":{"line":44,"column":32}},"29":{"start":{"line":45,"column":2},"end":{"line":48,"column":3}},"30":{"start":{"line":46,"column":4},"end":{"line":46,"column":21}},"31":{"start":{"line":47,"column":4},"end":{"line":47,"column":10}},"32":{"start":{"line":49,"column":2},"end":{"line":49,"column":12}},"33":{"start":{"line":51,"column":32},"end":{"line":67,"column":1}},"34":{"start":{"line":52,"column":19},"end":{"line":52,"column":46}},"35":{"start":{"line":52,"column":39},"end":{"line":52,"column":45}},"36":{"start":{"line":53,"column":17},"end":{"line":53,"column":52}},"37":{"start":{"line":53,"column":29},"end":{"line":53,"column":52}},"38":{"start":{"line":54,"column":18},"end":{"line":54,"column":20}},"39":{"start":{"line":55,"column":20},"end":{"line":57,"column":52}},"40":{"start":{"line":58,"column":2},"end":{"line":65,"column":3}},"41":{"start":{"line":59,"column":4},"end":{"line":62,"column":5}},"42":{"start":{"line":60,"column":6},"end":{"line":61,"column":64}},"43":{"start":{"line":64,"column":4},"end":{"line":64,"column":75}},"44":{"start":{"line":66,"column":2},"end":{"line":66,"column":62}},"45":{"start":{"line":68,"column":28},"end":{"line":76,"column":1}},"46":{"start":{"line":69,"column":22},"end":{"line":71,"column":3}},"47":{"start":{"line":72,"column":22},"end":{"line":74,"column":3}},"48":{"start":{"line":75,"column":2},"end":{"line":75,"column":56}},"49":{"start":{"line":77,"column":34},"end":{"line":87,"column":1}},"50":{"start":{"line":78,"column":12},"end":{"line":78,"column":14}},"51":{"start":{"line":79,"column":15},"end":{"line":79,"column":40}},"52":{"start":{"line":80,"column":2},"end":{"line":85,"column":3}},"53":{"start":{"line":80,"column":15},"end":{"line":80,"column":16}},"54":{"start":{"line":81,"column":4},"end":{"line":84,"column":5}},"55":{"start":{"line":86,"column":2},"end":{"line":86,"column":12}},"56":{"start":{"line":88,"column":37},"end":{"line":94,"column":1}},"57":{"start":{"line":89,"column":18},"end":{"line":89,"column":20}},"58":{"start":{"line":90,"column":2},"end":{"line":92,"column":3}},"59":{"start":{"line":90,"column":15},"end":{"line":90,"column":16}},"60":{"start":{"line":91,"column":4},"end":{"line":91,"column":95}},"61":{"start":{"line":91,"column":54},"end":{"line":91,"column":93}},"62":{"start":{"line":93,"column":2},"end":{"line":93,"column":18}}},"fnMap":{"0":{"name":"(anonymous_0)","decl":{"start":{"line":1,"column":25},"end":{"line":1,"column":26}},"loc":{"start":{"line":1,"column":54},"end":{"line":15,"column":1}},"line":1},"1":{"name":"(anonymous_1)","decl":{"start":{"line":16,"column":32},"end":{"line":16,"column":33}},"loc":{"start":{"line":16,"column":79},"end":{"line":41,"column":1}},"line":16},"2":{"name":"(anonymous_2)","decl":{"start":{"line":19,"column":31},"end":{"line":19,"column":32}},"loc":{"start":{"line":19,"column":36},"end":{"line":19,"column":47}},"line":19},"3":{"name":"(anonymous_3)","decl":{"start":{"line":20,"column":34},"end":{"line":20,"column":35}},"loc":{"start":{"line":20,"column":41},"end":{"line":20,"column":53}},"line":20},"4":{"name":"(anonymous_4)","decl":{"start":{"line":42,"column":22},"end":{"line":42,"column":23}},"loc":{"start":{"line":42,"column":46},"end":{"line":50,"column":1}},"line":42},"5":{"name":"(anonymous_5)","decl":{"start":{"line":51,"column":32},"end":{"line":51,"column":33}},"loc":{"start":{"line":51,"column":87},"end":{"line":67,"column":1}},"line":51},"6":{"name":"(anonymous_6)","decl":{"start":{"line":52,"column":34},"end":{"line":52,"column":35}},"loc":{"start":{"line":52,"column":39},"end":{"line":52,"column":45}},"line":52},"7":{"name":"(anonymous_7)","decl":{"start":{"line":53,"column":17},"end":{"line":53,"column":18}},"loc":{"start":{"line":53,"column":29},"end":{"line":53,"column":52}},"line":53},"8":{"name":"(anonymous_8)","decl":{"start":{"line":68,"column":28},"end":{"line":68,"column":29}},"loc":{"start":{"line":68,"column":57},"end":{"line":76,"column":1}},"line":68},"9":{"name":"(anonymous_9)","decl":{"start":{"line":77,"column":34},"end":{"line":77,"column":35}},"loc":{"start":{"line":77,"column":47},"end":{"line":87,"column":1}},"line":77},"10":{"name":"(anonymous_10)","decl":{"start":{"line":88,"column":37},"end":{"line":88,"column":38}},"loc":{"start":{"line":88,"column":82},"end":{"line":94,"column":1}},"line":88},"11":{"name":"(anonymous_11)","decl":{"start":{"line":91,"column":48},"end":{"line":91,"column":49}},"loc":{"start":{"line":91,"column":54},"end":{"line":91,"column":93}},"line":91}},"branchMap":{"0":{"loc":{"start":{"line":1,"column":26},"end":{"line":1,"column":34}},"type":"default-arg","locations":[{"start":{"line":1,"column":33},"end":{"line":1,"column":34}}],"line":1},"1":{"loc":{"start":{"line":1,"column":36},"end":{"line":1,"column":41}},"type":"default-arg","locations":[{"start":{"line":1,"column":40},"end":{"line":1,"column":41}}],"line":1},"2":{"loc":{"start":{"line":1,"column":43},"end":{"line":1,"column":49}},"type":"default-arg","locations":[{"start":{"line":1,"column":47},"end":{"line":1,"column":49}}],"line":1},"3":{"loc":{"start":{"line":4,"column":14},"end":{"line":4,"column":36}},"type":"cond-expr","locations":[{"start":{"line":4,"column":27},"end":{"line":4,"column":30}},{"start":{"line":4,"column":33},"end":{"line":4,"column":36}}],"line":4},"4":{"loc":{"start":{"line":6,"column":22},"end":{"line":6,"column":59}},"type":"cond-expr","locations":[{"start":{"line":6,"column":42},"end":{"line":6,"column":50}},{"start":{"line":6,"column":53},"end":{"line":6,"column":59}}],"line":6},"5":{"loc":{"start":{"line":16,"column":33},"end":{"line":16,"column":42}},"type":"default-arg","locations":[{"start":{"line":16,"column":40},"end":{"line":16,"column":42}}],"line":16},"6":{"loc":{"start":{"line":16,"column":44},"end":{"line":16,"column":49}},"type":"default-arg","locations":[{"start":{"line":16,"column":47},"end":{"line":16,"column":49}}],"line":16},"7":{"loc":{"start":{"line":16,"column":51},"end":{"line":16,"column":64}},"type":"default-arg","locations":[{"start":{"line":16,"column":62},"end":{"line":16,"column":64}}],"line":16},"8":{"loc":{"start":{"line":16,"column":66},"end":{"line":16,"column":74}},"type":"default-arg","locations":[{"start":{"line":16,"column":72},"end":{"line":16,"column":74}}],"line":16},"9":{"loc":{"start":{"line":24,"column":2},"end":{"line":40,"column":3}},"type":"if","locations":[{"start":{"line":24,"column":2},"end":{"line":40,"column":3}},{"start":{"line":24,"column":2},"end":{"line":40,"column":3}}],"line":24},"10":{"loc":{"start":{"line":29,"column":9},"end":{"line":40,"column":3}},"type":"if","locations":[{"start":{"line":29,"column":9},"end":{"line":40,"column":3}},{"start":{"line":29,"column":9},"end":{"line":40,"column":3}}],"line":29},"11":{"loc":{"start":{"line":42,"column":23},"end":{"line":42,"column":29}},"type":"default-arg","locations":[{"start":{"line":42,"column":27},"end":{"line":42,"column":29}}],"line":42},"12":{"loc":{"start":{"line":42,"column":31},"end":{"line":42,"column":41}},"type":"default-arg","locations":[{"start":{"line":42,"column":40},"end":{"line":42,"column":41}}],"line":42},"13":{"loc":{"start":{"line":44,"column":10},"end":{"line":44,"column":32}},"type":"cond-expr","locations":[{"start":{"line":44,"column":27},"end":{"line":44,"column":28}},{"start":{"line":44,"column":31},"end":{"line":44,"column":32}}],"line":44},"14":{"loc":{"start":{"line":51,"column":33},"end":{"line":51,"column":43}},"type":"default-arg","locations":[{"start":{"line":51,"column":38},"end":{"line":51,"column":43}}],"line":51},"15":{"loc":{"start":{"line":51,"column":45},"end":{"line":51,"column":54}},"type":"default-arg","locations":[{"start":{"line":51,"column":52},"end":{"line":51,"column":54}}],"line":51},"16":{"loc":{"start":{"line":51,"column":56},"end":{"line":51,"column":66}},"type":"default-arg","locations":[{"start":{"line":51,"column":64},"end":{"line":51,"column":66}}],"line":51},"17":{"loc":{"start":{"line":51,"column":68},"end":{"line":51,"column":82}},"type":"default-arg","locations":[{"start":{"line":51,"column":77},"end":{"line":51,"column":82}}],"line":51},"18":{"loc":{"start":{"line":53,"column":29},"end":{"line":53,"column":52}},"type":"cond-expr","locations":[{"start":{"line":53,"column":42},"end":{"line":53,"column":48}},{"start":{"line":53,"column":51},"end":{"line":53,"column":52}}],"line":53},"19":{"loc":{"start":{"line":55,"column":20},"end":{"line":57,"column":52}},"type":"cond-expr","locations":[{"start":{"line":56,"column":4},"end":{"line":56,"column":53}},{"start":{"line":57,"column":4},"end":{"line":57,"column":52}}],"line":55},"20":{"loc":{"start":{"line":58,"column":2},"end":{"line":65,"column":3}},"type":"if","locations":[{"start":{"line":58,"column":2},"end":{"line":65,"column":3}},{"start":{"line":58,"column":2},"end":{"line":65,"column":3}}],"line":58},"21":{"loc":{"start":{"line":60,"column":18},"end":{"line":61,"column":64}},"type":"cond-expr","locations":[{"start":{"line":61,"column":8},"end":{"line":61,"column":35}},{"start":{"line":61,"column":38},"end":{"line":61,"column":64}}],"line":60},"22":{"loc":{"start":{"line":64,"column":16},"end":{"line":64,"column":75}},"type":"cond-expr","locations":[{"start":{"line":64,"column":23},"end":{"line":64,"column":48}},{"start":{"line":64,"column":51},"end":{"line":64,"column":75}}],"line":64},"23":{"loc":{"start":{"line":66,"column":9},"end":{"line":66,"column":62}},"type":"cond-expr","locations":[{"start":{"line":66,"column":48},"end":{"line":66,"column":50}},{"start":{"line":66,"column":53},"end":{"line":66,"column":62}}],"line":66},"24":{"loc":{"start":{"line":68,"column":29},"end":{"line":68,"column":41}},"type":"default-arg","locations":[{"start":{"line":68,"column":39},"end":{"line":68,"column":41}}],"line":68},"25":{"loc":{"start":{"line":68,"column":44},"end":{"line":68,"column":52}},"type":"default-arg","locations":[{"start":{"line":68,"column":50},"end":{"line":68,"column":52}}],"line":68},"26":{"loc":{"start":{"line":75,"column":9},"end":{"line":75,"column":56}},"type":"cond-expr","locations":[{"start":{"line":75,"column":31},"end":{"line":75,"column":42}},{"start":{"line":75,"column":45},"end":{"line":75,"column":56}}],"line":75},"27":{"loc":{"start":{"line":88,"column":38},"end":{"line":88,"column":50}},"type":"default-arg","locations":[{"start":{"line":88,"column":48},"end":{"line":88,"column":50}}],"line":88},"28":{"loc":{"start":{"line":88,"column":52},"end":{"line":88,"column":64}},"type":"default-arg","locations":[{"start":{"line":88,"column":62},"end":{"line":88,"column":64}}],"line":88},"29":{"loc":{"start":{"line":88,"column":66},"end":{"line":88,"column":77}},"type":"default-arg","locations":[{"start":{"line":88,"column":75},"end":{"line":88,"column":77}}],"line":88}},"s":{"0":3,"1":6,"2":6,"3":6,"4":6,"5":6,"6":6,"7":31,"8":31,"9":22,"10":22,"11":6,"12":3,"13":5,"14":5,"15":5,"16":9,"17":5,"18":9,"19":5,"20":5,"21":5,"22":3,"23":2,"24":0,"25":2,"26":3,"27":0,"28":0,"29":0,"30":0,"31":0,"32":0,"33":3,"34":4,"35":24,"36":4,"37":4,"38":4,"39":4,"40":4,"41":2,"42":8,"43":2,"44":4,"45":3,"46":2,"47":2,"48":2,"49":3,"50":1,"51":1,"52":1,"53":1,"54":3,"55":1,"56":3,"57":1,"58":1,"59":1,"60":3,"61":9,"62":1},"f":{"0":6,"1":5,"2":9,"3":9,"4":0,"5":4,"6":24,"7":4,"8":2,"9":1,"10":1,"11":9},"b":{"0":[0],"1":[0],"2":[0],"3":[5,1],"4":[4,2],"5":[0],"6":[2],"7":[0],"8":[0],"9":[3,2],"10":[0,2],"11":[0],"12":[0],"13":[0,0],"14":[0],"15":[0],"16":[0],"17":[0],"18":[4,0],"19":[2,2],"20":[2,2],"21":[2,6],"22":[1,1],"23":[0,4],"24":[0],"25":[0],"26":[1,1],"27":[0],"28":[0],"29":[0]},"_coverageSchema":"43e27e138ebf9cfc5966b082cf9a028302ed4184","hash":"26a1ae855665a1be89686caf30d82c9f4c550216"}
,"/Users/PenguinCho/Desktop/testBattle/src/index.js": {"path":"/Users/PenguinCho/Desktop/testBattle/src/index.js","statementMap":{"0":{"start":{"line":8,"column":0},"end":{"line":11,"column":1}}},"fnMap":{},"branchMap":{},"s":{"0":0},"f":{},"b":{}}
,"/Users/PenguinCho/Desktop/testBattle/src/singleQA.js": {"path":"/Users/PenguinCho/Desktop/testBattle/src/singleQA.js","statementMap":{"0":{"start":{"line":6,"column":20},"end":{"line":6,"column":26}},"1":{"start":{"line":8,"column":20},"end":{"line":8,"column":50}},"2":{"start":{"line":10,"column":39},"end":{"line":27,"column":1}},"3":{"start":{"line":11,"column":25},"end":{"line":15,"column":3}},"4":{"start":{"line":16,"column":2},"end":{"line":18,"column":3}},"5":{"start":{"line":17,"column":4},"end":{"line":17,"column":59}},"6":{"start":{"line":19,"column":20},"end":{"line":19,"column":67}},"7":{"start":{"line":20,"column":21},"end":{"line":20,"column":60}},"8":{"start":{"line":20,"column":44},"end":{"line":20,"column":56}},"9":{"start":{"line":21,"column":2},"end":{"line":26,"column":3}},"10":{"start":{"line":22,"column":4},"end":{"line":22,"column":21}},"11":{"start":{"line":24,"column":4},"end":{"line":24,"column":87}},"12":{"start":{"line":25,"column":4},"end":{"line":25,"column":25}},"13":{"start":{"line":28,"column":37},"end":{"line":31,"column":1}},"14":{"start":{"line":29,"column":19},"end":{"line":29,"column":66}},"15":{"start":{"line":30,"column":2},"end":{"line":30,"column":97}},"16":{"start":{"line":32,"column":27},"end":{"line":47,"column":1}},"17":{"start":{"line":32,"column":72},"end":{"line":47,"column":1}},"18":{"start":{"line":34,"column":4},"end":{"line":34,"column":16}},"19":{"start":{"line":37,"column":31},"end":{"line":37,"column":41}},"20":{"start":{"line":38,"column":4},"end":{"line":45,"column":6}},"21":{"start":{"line":50,"column":4},"end":{"line":50,"column":17}},"22":{"start":{"line":51,"column":4},"end":{"line":53,"column":6}},"23":{"start":{"line":56,"column":4},"end":{"line":58,"column":6}},"24":{"start":{"line":61,"column":91},"end":{"line":61,"column":101}},"25":{"start":{"line":62,"column":4},"end":{"line":81,"column":6}},"26":{"start":{"line":86,"column":4},"end":{"line":86,"column":17}},"27":{"start":{"line":87,"column":4},"end":{"line":90,"column":6}},"28":{"start":{"line":93,"column":19},"end":{"line":93,"column":29}},"29":{"start":{"line":94,"column":4},"end":{"line":96,"column":6}},"30":{"start":{"line":100,"column":4},"end":{"line":100,"column":29}},"31":{"start":{"line":104,"column":22},"end":{"line":104,"column":30}},"32":{"start":{"line":105,"column":19},"end":{"line":105,"column":29}},"33":{"start":{"line":106,"column":21},"end":{"line":106,"column":48}},"34":{"start":{"line":108,"column":4},"end":{"line":110,"column":6}},"35":{"start":{"line":111,"column":4},"end":{"line":111,"column":51}},"36":{"start":{"line":114,"column":24},"end":{"line":114,"column":55}},"37":{"start":{"line":115,"column":4},"end":{"line":117,"column":6}},"38":{"start":{"line":118,"column":4},"end":{"line":118,"column":30}},"39":{"start":{"line":130,"column":8},"end":{"line":130,"column":18}},"40":{"start":{"line":132,"column":28},"end":{"line":132,"column":38}},"41":{"start":{"line":133,"column":23},"end":{"line":133,"column":59}},"42":{"start":{"line":133,"column":44},"end":{"line":133,"column":55}},"43":{"start":{"line":134,"column":28},"end":{"line":134,"column":55}},"44":{"start":{"line":135,"column":34},"end":{"line":138,"column":5}},"45":{"start":{"line":136,"column":20},"end":{"line":136,"column":61}},"46":{"start":{"line":137,"column":6},"end":{"line":137,"column":31}},"47":{"start":{"line":140,"column":4},"end":{"line":186,"column":6}},"48":{"start":{"line":155,"column":29},"end":{"line":155,"column":47}},"49":{"start":{"line":165,"column":16},"end":{"line":175,"column":24}},"50":{"start":{"line":182,"column":118},"end":{"line":182,"column":140}},"51":{"start":{"line":191,"column":4},"end":{"line":191,"column":17}},"52":{"start":{"line":192,"column":4},"end":{"line":192,"column":19}},"53":{"start":{"line":195,"column":50},"end":{"line":195,"column":60}},"54":{"start":{"line":196,"column":4},"end":{"line":200,"column":5}},"55":{"start":{"line":205,"column":4},"end":{"line":205,"column":17}},"56":{"start":{"line":206,"column":4},"end":{"line":209,"column":5}},"57":{"start":{"line":213,"column":74},"end":{"line":213,"column":84}},"58":{"start":{"line":214,"column":27},"end":{"line":214,"column":37}},"59":{"start":{"line":215,"column":4},"end":{"line":230,"column":6}},"60":{"start":{"line":218,"column":66},"end":{"line":218,"column":91}},"61":{"start":{"line":234,"column":21},"end":{"line":234,"column":59}},"62":{"start":{"line":235,"column":21},"end":{"line":235,"column":52}},"63":{"start":{"line":239,"column":4},"end":{"line":239,"column":16}},"64":{"start":{"line":240,"column":4},"end":{"line":244,"column":5}},"65":{"start":{"line":247,"column":19},"end":{"line":247,"column":29}},"66":{"start":{"line":248,"column":21},"end":{"line":248,"column":48}},"67":{"start":{"line":250,"column":4},"end":{"line":254,"column":6}},"68":{"start":{"line":258,"column":4},"end":{"line":258,"column":24}},"69":{"start":{"line":261,"column":4},"end":{"line":263,"column":5}},"70":{"start":{"line":262,"column":6},"end":{"line":262,"column":26}},"71":{"start":{"line":266,"column":26},"end":{"line":266,"column":36}},"72":{"start":{"line":267,"column":4},"end":{"line":269,"column":6}},"73":{"start":{"line":270,"column":4},"end":{"line":270,"column":44}},"74":{"start":{"line":273,"column":38},"end":{"line":273,"column":48}},"75":{"start":{"line":274,"column":35},"end":{"line":274,"column":45}},"76":{"start":{"line":275,"column":4},"end":{"line":291,"column":6}}},"fnMap":{"0":{"name":"(anonymous_0)","decl":{"start":{"line":10,"column":39},"end":{"line":10,"column":40}},"loc":{"start":{"line":10,"column":47},"end":{"line":27,"column":1}},"line":10},"1":{"name":"(anonymous_1)","decl":{"start":{"line":20,"column":38},"end":{"line":20,"column":39}},"loc":{"start":{"line":20,"column":44},"end":{"line":20,"column":56}},"line":20},"2":{"name":"(anonymous_2)","decl":{"start":{"line":28,"column":37},"end":{"line":28,"column":38}},"loc":{"start":{"line":28,"column":57},"end":{"line":31,"column":1}},"line":28},"3":{"name":"(anonymous_3)","decl":{"start":{"line":32,"column":27},"end":{"line":32,"column":28}},"loc":{"start":{"line":32,"column":72},"end":{"line":47,"column":1}},"line":32},"4":{"name":"(anonymous_4)","decl":{"start":{"line":33,"column":2},"end":{"line":33,"column":3}},"loc":{"start":{"line":33,"column":21},"end":{"line":35,"column":3}},"line":33},"5":{"name":"(anonymous_5)","decl":{"start":{"line":36,"column":2},"end":{"line":36,"column":3}},"loc":{"start":{"line":36,"column":11},"end":{"line":46,"column":3}},"line":36},"6":{"name":"(anonymous_6)","decl":{"start":{"line":49,"column":2},"end":{"line":49,"column":3}},"loc":{"start":{"line":49,"column":21},"end":{"line":54,"column":3}},"line":49},"7":{"name":"(anonymous_7)","decl":{"start":{"line":55,"column":20},"end":{"line":55,"column":21}},"loc":{"start":{"line":55,"column":26},"end":{"line":59,"column":3}},"line":55},"8":{"name":"(anonymous_8)","decl":{"start":{"line":60,"column":2},"end":{"line":60,"column":3}},"loc":{"start":{"line":60,"column":11},"end":{"line":82,"column":3}},"line":60},"9":{"name":"(anonymous_9)","decl":{"start":{"line":85,"column":2},"end":{"line":85,"column":3}},"loc":{"start":{"line":85,"column":21},"end":{"line":91,"column":3}},"line":85},"10":{"name":"(anonymous_10)","decl":{"start":{"line":92,"column":23},"end":{"line":92,"column":24}},"loc":{"start":{"line":92,"column":29},"end":{"line":97,"column":3}},"line":92},"11":{"name":"(anonymous_11)","decl":{"start":{"line":99,"column":22},"end":{"line":99,"column":23}},"loc":{"start":{"line":99,"column":28},"end":{"line":101,"column":3}},"line":99},"12":{"name":"(anonymous_12)","decl":{"start":{"line":103,"column":20},"end":{"line":103,"column":21}},"loc":{"start":{"line":103,"column":27},"end":{"line":112,"column":3}},"line":103},"13":{"name":"(anonymous_13)","decl":{"start":{"line":113,"column":23},"end":{"line":113,"column":24}},"loc":{"start":{"line":113,"column":30},"end":{"line":119,"column":3}},"line":113},"14":{"name":"(anonymous_14)","decl":{"start":{"line":120,"column":2},"end":{"line":120,"column":3}},"loc":{"start":{"line":120,"column":11},"end":{"line":187,"column":3}},"line":120},"15":{"name":"(anonymous_15)","decl":{"start":{"line":129,"column":15},"end":{"line":129,"column":16}},"loc":{"start":{"line":129,"column":21},"end":{"line":129,"column":23}},"line":129},"16":{"name":"(anonymous_16)","decl":{"start":{"line":133,"column":39},"end":{"line":133,"column":40}},"loc":{"start":{"line":133,"column":44},"end":{"line":133,"column":55}},"line":133},"17":{"name":"(anonymous_17)","decl":{"start":{"line":135,"column":34},"end":{"line":135,"column":35}},"loc":{"start":{"line":135,"column":40},"end":{"line":138,"column":5}},"line":135},"18":{"name":"(anonymous_18)","decl":{"start":{"line":155,"column":24},"end":{"line":155,"column":25}},"loc":{"start":{"line":155,"column":29},"end":{"line":155,"column":47}},"line":155},"19":{"name":"(anonymous_19)","decl":{"start":{"line":164,"column":35},"end":{"line":164,"column":36}},"loc":{"start":{"line":165,"column":16},"end":{"line":175,"column":24}},"line":165},"20":{"name":"(anonymous_20)","decl":{"start":{"line":182,"column":112},"end":{"line":182,"column":113}},"loc":{"start":{"line":182,"column":118},"end":{"line":182,"column":140}},"line":182},"21":{"name":"(anonymous_21)","decl":{"start":{"line":190,"column":2},"end":{"line":190,"column":3}},"loc":{"start":{"line":190,"column":21},"end":{"line":193,"column":3}},"line":190},"22":{"name":"(anonymous_22)","decl":{"start":{"line":194,"column":2},"end":{"line":194,"column":3}},"loc":{"start":{"line":194,"column":11},"end":{"line":201,"column":3}},"line":194},"23":{"name":"(anonymous_23)","decl":{"start":{"line":195,"column":37},"end":{"line":195,"column":38}},"loc":{"start":{"line":195,"column":43},"end":{"line":195,"column":45}},"line":195},"24":{"name":"(anonymous_24)","decl":{"start":{"line":204,"column":2},"end":{"line":204,"column":3}},"loc":{"start":{"line":204,"column":21},"end":{"line":210,"column":3}},"line":204},"25":{"name":"(anonymous_25)","decl":{"start":{"line":212,"column":2},"end":{"line":212,"column":3}},"loc":{"start":{"line":212,"column":11},"end":{"line":231,"column":3}},"line":212},"26":{"name":"(anonymous_26)","decl":{"start":{"line":213,"column":41},"end":{"line":213,"column":42}},"loc":{"start":{"line":213,"column":47},"end":{"line":213,"column":49}},"line":213},"27":{"name":"(anonymous_27)","decl":{"start":{"line":218,"column":59},"end":{"line":218,"column":60}},"loc":{"start":{"line":218,"column":65},"end":{"line":218,"column":92}},"line":218},"28":{"name":"(anonymous_28)","decl":{"start":{"line":238,"column":2},"end":{"line":238,"column":3}},"loc":{"start":{"line":238,"column":21},"end":{"line":245,"column":3}},"line":238},"29":{"name":"(anonymous_29)","decl":{"start":{"line":246,"column":18},"end":{"line":246,"column":19}},"loc":{"start":{"line":246,"column":24},"end":{"line":256,"column":3}},"line":246},"30":{"name":"(anonymous_30)","decl":{"start":{"line":257,"column":23},"end":{"line":257,"column":24}},"loc":{"start":{"line":257,"column":29},"end":{"line":259,"column":3}},"line":257},"31":{"name":"(anonymous_31)","decl":{"start":{"line":260,"column":23},"end":{"line":260,"column":24}},"loc":{"start":{"line":260,"column":49},"end":{"line":264,"column":3}},"line":260},"32":{"name":"(anonymous_32)","decl":{"start":{"line":265,"column":16},"end":{"line":265,"column":17}},"loc":{"start":{"line":265,"column":22},"end":{"line":271,"column":3}},"line":265},"33":{"name":"(anonymous_33)","decl":{"start":{"line":272,"column":2},"end":{"line":272,"column":3}},"loc":{"start":{"line":272,"column":11},"end":{"line":292,"column":3}},"line":272}},"branchMap":{"0":{"loc":{"start":{"line":16,"column":2},"end":{"line":18,"column":3}},"type":"if","locations":[{"start":{"line":16,"column":2},"end":{"line":18,"column":3}},{"start":{"line":16,"column":2},"end":{"line":18,"column":3}}],"line":16},"1":{"loc":{"start":{"line":21,"column":2},"end":{"line":26,"column":3}},"type":"if","locations":[{"start":{"line":21,"column":2},"end":{"line":26,"column":3}},{"start":{"line":21,"column":2},"end":{"line":26,"column":3}}],"line":21},"2":{"loc":{"start":{"line":32,"column":39},"end":{"line":32,"column":56}},"type":"default-arg","locations":[{"start":{"line":32,"column":44},"end":{"line":32,"column":56}}],"line":32},"3":{"loc":{"start":{"line":32,"column":58},"end":{"line":32,"column":67}},"type":"default-arg","locations":[{"start":{"line":32,"column":65},"end":{"line":32,"column":67}}],"line":32},"4":{"loc":{"start":{"line":37,"column":12},"end":{"line":37,"column":26}},"type":"default-arg","locations":[{"start":{"line":37,"column":21},"end":{"line":37,"column":26}}],"line":37},"5":{"loc":{"start":{"line":42,"column":11},"end":{"line":42,"column":35}},"type":"cond-expr","locations":[{"start":{"line":42,"column":22},"end":{"line":42,"column":28}},{"start":{"line":42,"column":31},"end":{"line":42,"column":35}}],"line":42},"6":{"loc":{"start":{"line":122,"column":6},"end":{"line":122,"column":17}},"type":"default-arg","locations":[{"start":{"line":122,"column":15},"end":{"line":122,"column":17}}],"line":122},"7":{"loc":{"start":{"line":123,"column":6},"end":{"line":123,"column":10}},"type":"default-arg","locations":[{"start":{"line":123,"column":9},"end":{"line":123,"column":10}}],"line":123},"8":{"loc":{"start":{"line":124,"column":6},"end":{"line":124,"column":17}},"type":"default-arg","locations":[{"start":{"line":124,"column":15},"end":{"line":124,"column":17}}],"line":124},"9":{"loc":{"start":{"line":125,"column":6},"end":{"line":125,"column":16}},"type":"default-arg","locations":[{"start":{"line":125,"column":14},"end":{"line":125,"column":16}}],"line":125},"10":{"loc":{"start":{"line":126,"column":6},"end":{"line":126,"column":20}},"type":"default-arg","locations":[{"start":{"line":126,"column":15},"end":{"line":126,"column":20}}],"line":126},"11":{"loc":{"start":{"line":127,"column":6},"end":{"line":127,"column":22}},"type":"default-arg","locations":[{"start":{"line":127,"column":17},"end":{"line":127,"column":22}}],"line":127},"12":{"loc":{"start":{"line":128,"column":6},"end":{"line":128,"column":29}},"type":"default-arg","locations":[{"start":{"line":128,"column":24},"end":{"line":128,"column":29}}],"line":128},"13":{"loc":{"start":{"line":129,"column":6},"end":{"line":129,"column":23}},"type":"default-arg","locations":[{"start":{"line":129,"column":15},"end":{"line":129,"column":23}}],"line":129},"14":{"loc":{"start":{"line":144,"column":29},"end":{"line":144,"column":83}},"type":"cond-expr","locations":[{"start":{"line":144,"column":49},"end":{"line":144,"column":64}},{"start":{"line":144,"column":67},"end":{"line":144,"column":83}}],"line":144},"15":{"loc":{"start":{"line":145,"column":15},"end":{"line":145,"column":53}},"type":"binary-expr","locations":[{"start":{"line":145,"column":15},"end":{"line":145,"column":36}},{"start":{"line":145,"column":40},"end":{"line":145,"column":53}}],"line":145},"16":{"loc":{"start":{"line":148,"column":15},"end":{"line":148,"column":62}},"type":"cond-expr","locations":[{"start":{"line":148,"column":35},"end":{"line":148,"column":58}},{"start":{"line":148,"column":60},"end":{"line":148,"column":62}}],"line":148},"17":{"loc":{"start":{"line":157,"column":15},"end":{"line":160,"column":20}},"type":"cond-expr","locations":[{"start":{"line":157,"column":50},"end":{"line":159,"column":66}},{"start":{"line":160,"column":18},"end":{"line":160,"column":20}}],"line":157},"18":{"loc":{"start":{"line":157,"column":50},"end":{"line":159,"column":66}},"type":"cond-expr","locations":[{"start":{"line":158,"column":16},"end":{"line":158,"column":68}},{"start":{"line":159,"column":16},"end":{"line":159,"column":66}}],"line":157},"19":{"loc":{"start":{"line":181,"column":57},"end":{"line":181,"column":86}},"type":"cond-expr","locations":[{"start":{"line":181,"column":70},"end":{"line":181,"column":77}},{"start":{"line":181,"column":80},"end":{"line":181,"column":86}}],"line":181},"20":{"loc":{"start":{"line":195,"column":12},"end":{"line":195,"column":16}},"type":"default-arg","locations":[{"start":{"line":195,"column":15},"end":{"line":195,"column":16}}],"line":195},"21":{"loc":{"start":{"line":195,"column":18},"end":{"line":195,"column":28}},"type":"default-arg","locations":[{"start":{"line":195,"column":23},"end":{"line":195,"column":28}}],"line":195},"22":{"loc":{"start":{"line":195,"column":30},"end":{"line":195,"column":45}},"type":"default-arg","locations":[{"start":{"line":195,"column":37},"end":{"line":195,"column":45}}],"line":195},"23":{"loc":{"start":{"line":197,"column":50},"end":{"line":197,"column":85}},"type":"cond-expr","locations":[{"start":{"line":197,"column":57},"end":{"line":197,"column":73}},{"start":{"line":197,"column":76},"end":{"line":197,"column":85}}],"line":197},"24":{"loc":{"start":{"line":213,"column":12},"end":{"line":213,"column":16}},"type":"default-arg","locations":[{"start":{"line":213,"column":15},"end":{"line":213,"column":16}}],"line":213},"25":{"loc":{"start":{"line":213,"column":18},"end":{"line":213,"column":32}},"type":"default-arg","locations":[{"start":{"line":213,"column":30},"end":{"line":213,"column":32}}],"line":213},"26":{"loc":{"start":{"line":213,"column":34},"end":{"line":213,"column":49}},"type":"default-arg","locations":[{"start":{"line":213,"column":41},"end":{"line":213,"column":49}}],"line":213},"27":{"loc":{"start":{"line":218,"column":37},"end":{"line":218,"column":92}},"type":"cond-expr","locations":[{"start":{"line":218,"column":48},"end":{"line":218,"column":56}},{"start":{"line":218,"column":59},"end":{"line":218,"column":92}}],"line":218},"28":{"loc":{"start":{"line":220,"column":60},"end":{"line":220,"column":89}},"type":"cond-expr","locations":[{"start":{"line":220,"column":73},"end":{"line":220,"column":80}},{"start":{"line":220,"column":83},"end":{"line":220,"column":89}}],"line":220},"29":{"loc":{"start":{"line":261,"column":4},"end":{"line":263,"column":5}},"type":"if","locations":[{"start":{"line":261,"column":4},"end":{"line":263,"column":5}},{"start":{"line":261,"column":4},"end":{"line":263,"column":5}}],"line":261}},"s":{"0":2,"1":2,"2":2,"3":3,"4":3,"5":1,"6":3,"7":3,"8":3,"9":3,"10":1,"11":2,"12":2,"13":2,"14":4,"15":4,"16":2,"17":4,"18":0,"19":0,"20":0,"21":0,"22":0,"23":0,"24":0,"25":0,"26":0,"27":0,"28":0,"29":0,"30":0,"31":0,"32":0,"33":0,"34":0,"35":0,"36":0,"37":0,"38":0,"39":0,"40":0,"41":0,"42":0,"43":0,"44":0,"45":0,"46":0,"47":0,"48":0,"49":0,"50":0,"51":1,"52":1,"53":1,"54":1,"55":0,"56":0,"57":0,"58":0,"59":0,"60":0,"61":2,"62":2,"63":1,"64":1,"65":2,"66":2,"67":2,"68":1,"69":4,"70":1,"71":2,"72":2,"73":2,"74":5,"75":5,"76":5},"f":{"0":3,"1":3,"2":4,"3":4,"4":0,"5":0,"6":0,"7":0,"8":0,"9":0,"10":0,"11":0,"12":0,"13":0,"14":0,"15":0,"16":0,"17":0,"18":0,"19":0,"20":0,"21":1,"22":1,"23":0,"24":0,"25":0,"26":0,"27":0,"28":1,"29":2,"30":1,"31":4,"32":2,"33":5},"b":{"0":[1,2],"1":[1,2],"2":[0],"3":[2],"4":[0],"5":[0,0],"6":[0],"7":[0],"8":[0],"9":[0],"10":[0],"11":[0],"12":[0],"13":[0],"14":[0,0],"15":[0,0],"16":[0,0],"17":[0,0],"18":[0,0],"19":[0,0],"20":[1],"21":[1],"22":[0],"23":[0,1],"24":[0],"25":[0],"26":[0],"27":[0,0],"28":[0,0],"29":[1,3]},"_coverageSchema":"43e27e138ebf9cfc5966b082cf9a028302ed4184","hash":"840a2fa8354a1d9f4f8a31394e3ff922b7a049a9"}
}
