TN:
SF:/Users/PenguinCho/Desktop/testBattle/src/HOCexample.js
FN:3,(anonymous_0)
FN:11,(anonymous_1)
FN:17,(anonymous_2)
FN:34,(anonymous_3)
FN:35,(anonymous_4)
FN:41,(anonymous_5)
FN:47,(anonymous_6)
FN:56,(anonymous_7)
FN:57,(anonymous_8)
FNF:9
FNH:0
FNDA:0,(anonymous_0)
FNDA:0,(anonymous_1)
FNDA:0,(anonymous_2)
FNDA:0,(anonymous_3)
FNDA:0,(anonymous_4)
FNDA:0,(anonymous_5)
FNDA:0,(anonymous_6)
FNDA:0,(anonymous_7)
FNDA:0,(anonymous_8)
DA:3,0
DA:4,0
DA:12,0
DA:13,0
DA:18,0
DA:19,0
DA:34,0
DA:36,0
DA:37,0
DA:42,0
DA:48,0
DA:56,0
DA:57,0
DA:58,0
DA:59,0
LF:15
LH:0
BRDA:3,0,0,0
BRDA:3,1,0,0
BRDA:3,2,0,0
BRDA:18,3,0,0
BRDA:18,4,0,0
BRDA:18,5,0,0
BRF:6
BRH:0
end_of_record
TN:
SF:/Users/PenguinCho/Desktop/testBattle/src/TestPaper.js
FN:24,(anonymous_0)
FN:30,(anonymous_1)
FN:35,(anonymous_2)
FN:42,(anonymous_3)
FN:46,(anonymous_4)
FNF:5
FNH:0
FNDA:0,(anonymous_0)
FNDA:0,(anonymous_1)
FNDA:0,(anonymous_2)
FNDA:0,(anonymous_3)
FNDA:0,(anonymous_4)
DA:24,1
DA:25,0
DA:26,0
DA:31,0
DA:32,0
DA:36,0
DA:38,0
DA:42,0
DA:47,0
LF:9
LH:1
BRDA:36,0,0,0
BRDA:42,1,0,0
BRDA:42,1,1,0
BRDA:45,2,0,0
BRDA:45,2,1,0
BRDA:62,3,0,0
BRDA:62,3,1,0
BRF:7
BRH:0
end_of_record
TN:
SF:/Users/PenguinCho/Desktop/testBattle/src/app.js
FN:18,(anonymous_0)
FN:25,(anonymous_1)
FN:34,(anonymous_2)
FN:50,(anonymous_3)
FN:53,(anonymous_4)
FN:54,(anonymous_5)
FN:62,(anonymous_6)
FN:73,(anonymous_7)
FN:82,(anonymous_8)
FN:86,(anonymous_9)
FN:88,(anonymous_10)
FN:94,(anonymous_11)
FN:101,(anonymous_12)
FN:110,(anonymous_13)
FN:115,(anonymous_14)
FN:120,(anonymous_15)
FN:139,(anonymous_16)
FN:145,(anonymous_17)
FN:147,(anonymous_18)
FN:153,(anonymous_19)
FN:166,(anonymous_20)
FN:171,(anonymous_21)
FN:172,(anonymous_22)
FN:176,(anonymous_23)
FN:197,(anonymous_24)
FN:210,(anonymous_25)
FNF:26
FNH:6
FNDA:0,(anonymous_0)
FNDA:0,(anonymous_1)
FNDA:1,(anonymous_2)
FNDA:1,(anonymous_3)
FNDA:1,(anonymous_4)
FNDA:0,(anonymous_5)
FNDA:0,(anonymous_6)
FNDA:1,(anonymous_7)
FNDA:1,(anonymous_8)
FNDA:0,(anonymous_9)
FNDA:0,(anonymous_10)
FNDA:0,(anonymous_11)
FNDA:0,(anonymous_12)
FNDA:0,(anonymous_13)
FNDA:0,(anonymous_14)
FNDA:0,(anonymous_15)
FNDA:0,(anonymous_16)
FNDA:0,(anonymous_17)
FNDA:0,(anonymous_18)
FNDA:0,(anonymous_19)
FNDA:0,(anonymous_20)
FNDA:0,(anonymous_21)
FNDA:0,(anonymous_22)
FNDA:1,(anonymous_23)
FNDA:0,(anonymous_24)
FNDA:0,(anonymous_25)
DA:15,1
DA:18,1
DA:19,0
DA:20,0
DA:21,0
DA:23,0
DA:25,1
DA:26,0
DA:35,1
DA:36,1
DA:48,1
DA:52,1
DA:53,1
DA:55,0
DA:56,0
DA:57,0
DA:58,0
DA:59,0
DA:62,0
DA:68,0
DA:74,1
DA:75,1
DA:77,1
DA:78,1
DA:87,0
DA:88,0
DA:95,0
DA:96,0
DA:99,0
DA:102,0
DA:103,0
DA:104,0
DA:105,0
DA:111,0
DA:112,0
DA:113,0
DA:114,0
DA:115,0
DA:117,0
DA:118,0
DA:119,0
DA:120,0
DA:128,0
DA:130,0
DA:131,0
DA:133,0
DA:134,0
DA:136,0
DA:137,0
DA:139,0
DA:146,0
DA:147,0
DA:148,0
DA:154,0
DA:155,0
DA:156,0
DA:158,0
DA:159,0
DA:160,0
DA:161,0
DA:167,0
DA:172,0
DA:177,1
DA:178,1
DA:197,0
DA:210,0
LF:66
LH:14
BRDA:18,0,0,0
BRDA:25,1,0,0
BRDA:57,2,0,0
BRDA:57,2,1,0
BRDA:74,3,0,1
BRDA:74,3,1,0
BRDA:87,4,0,0
BRDA:87,4,1,0
BRDA:104,5,0,0
BRDA:104,5,1,0
BRDA:114,6,0,0
BRDA:114,6,1,0
BRDA:118,7,0,0
BRDA:118,7,1,0
BRDA:128,8,0,0
BRDA:128,8,1,0
BRDA:128,8,2,0
BRDA:147,9,0,0
BRDA:147,9,1,0
BRDA:160,10,0,0
BRDA:160,10,1,0
BRDA:177,11,0,0
BRDA:206,12,0,0
BRDA:206,12,1,1
BRF:24
BRH:2
end_of_record
TN:
SF:/Users/PenguinCho/Desktop/testBattle/src/functions.js
FN:1,(anonymous_0)
FN:16,(anonymous_1)
FN:19,(anonymous_2)
FN:20,(anonymous_3)
FN:42,(anonymous_4)
FN:51,(anonymous_5)
FN:52,(anonymous_6)
FN:53,(anonymous_7)
FN:68,(anonymous_8)
FN:77,(anonymous_9)
FN:88,(anonymous_10)
FN:91,(anonymous_11)
FNF:12
FNH:11
FNDA:6,(anonymous_0)
FNDA:5,(anonymous_1)
FNDA:9,(anonymous_2)
FNDA:9,(anonymous_3)
FNDA:0,(anonymous_4)
FNDA:4,(anonymous_5)
FNDA:24,(anonymous_6)
FNDA:4,(anonymous_7)
FNDA:2,(anonymous_8)
FNDA:1,(anonymous_9)
FNDA:1,(anonymous_10)
FNDA:9,(anonymous_11)
DA:1,3
DA:2,6
DA:3,6
DA:4,6
DA:5,6
DA:6,6
DA:7,6
DA:8,31
DA:9,31
DA:10,22
DA:11,22
DA:14,6
DA:16,3
DA:17,5
DA:18,5
DA:19,9
DA:20,9
DA:21,5
DA:22,5
DA:24,5
DA:25,3
DA:29,2
DA:30,0
DA:35,2
DA:42,3
DA:43,0
DA:44,0
DA:45,0
DA:46,0
DA:47,0
DA:49,0
DA:51,3
DA:52,24
DA:53,4
DA:54,4
DA:55,4
DA:58,4
DA:59,2
DA:60,8
DA:64,2
DA:66,4
DA:68,3
DA:69,2
DA:72,2
DA:75,2
DA:77,3
DA:78,1
DA:79,1
DA:80,1
DA:81,3
DA:86,1
DA:88,3
DA:89,1
DA:90,1
DA:91,9
DA:93,1
LF:56
LH:49
BRDA:1,0,0,0
BRDA:1,1,0,0
BRDA:1,2,0,0
BRDA:4,3,0,5
BRDA:4,3,1,1
BRDA:6,4,0,4
BRDA:6,4,1,2
BRDA:16,5,0,0
BRDA:16,6,0,2
BRDA:16,7,0,0
BRDA:16,8,0,0
BRDA:24,9,0,3
BRDA:24,9,1,2
BRDA:29,10,0,0
BRDA:29,10,1,2
BRDA:42,11,0,0
BRDA:42,12,0,0
BRDA:44,13,0,0
BRDA:44,13,1,0
BRDA:51,14,0,0
BRDA:51,15,0,0
BRDA:51,16,0,0
BRDA:51,17,0,0
BRDA:53,18,0,4
BRDA:53,18,1,0
BRDA:55,19,0,2
BRDA:55,19,1,2
BRDA:58,20,0,2
BRDA:58,20,1,2
BRDA:60,21,0,2
BRDA:60,21,1,6
BRDA:64,22,0,1
BRDA:64,22,1,1
BRDA:66,23,0,0
BRDA:66,23,1,4
BRDA:68,24,0,0
BRDA:68,25,0,0
BRDA:75,26,0,1
BRDA:75,26,1,1
BRDA:88,27,0,0
BRDA:88,28,0,0
BRDA:88,29,0,0
BRF:42
BRH:20
end_of_record
TN:
SF:/Users/PenguinCho/Desktop/testBattle/src/index.js
FNF:0
FNH:0
DA:8,0
LF:1
LH:0
BRF:0
BRH:0
end_of_record
TN:
SF:/Users/PenguinCho/Desktop/testBattle/src/singleQA.js
FN:10,(anonymous_0)
FN:20,(anonymous_1)
FN:28,(anonymous_2)
FN:32,(anonymous_3)
FN:33,(anonymous_4)
FN:36,(anonymous_5)
FN:49,(anonymous_6)
FN:55,(anonymous_7)
FN:60,(anonymous_8)
FN:85,(anonymous_9)
FN:92,(anonymous_10)
FN:99,(anonymous_11)
FN:103,(anonymous_12)
FN:113,(anonymous_13)
FN:120,(anonymous_14)
FN:129,(anonymous_15)
FN:133,(anonymous_16)
FN:135,(anonymous_17)
FN:155,(anonymous_18)
FN:164,(anonymous_19)
FN:182,(anonymous_20)
FN:190,(anonymous_21)
FN:194,(anonymous_22)
FN:195,(anonymous_23)
FN:204,(anonymous_24)
FN:212,(anonymous_25)
FN:213,(anonymous_26)
FN:218,(anonymous_27)
FN:238,(anonymous_28)
FN:246,(anonymous_29)
FN:257,(anonymous_30)
FN:260,(anonymous_31)
FN:265,(anonymous_32)
FN:272,(anonymous_33)
FNF:34
FNH:12
FNDA:3,(anonymous_0)
FNDA:3,(anonymous_1)
FNDA:4,(anonymous_2)
FNDA:4,(anonymous_3)
FNDA:0,(anonymous_4)
FNDA:0,(anonymous_5)
FNDA:0,(anonymous_6)
FNDA:0,(anonymous_7)
FNDA:0,(anonymous_8)
FNDA:0,(anonymous_9)
FNDA:0,(anonymous_10)
FNDA:0,(anonymous_11)
FNDA:0,(anonymous_12)
FNDA:0,(anonymous_13)
FNDA:0,(anonymous_14)
FNDA:0,(anonymous_15)
FNDA:0,(anonymous_16)
FNDA:0,(anonymous_17)
FNDA:0,(anonymous_18)
FNDA:0,(anonymous_19)
FNDA:0,(anonymous_20)
FNDA:1,(anonymous_21)
FNDA:1,(anonymous_22)
FNDA:0,(anonymous_23)
FNDA:0,(anonymous_24)
FNDA:0,(anonymous_25)
FNDA:0,(anonymous_26)
FNDA:0,(anonymous_27)
FNDA:1,(anonymous_28)
FNDA:2,(anonymous_29)
FNDA:1,(anonymous_30)
FNDA:4,(anonymous_31)
FNDA:2,(anonymous_32)
FNDA:5,(anonymous_33)
DA:6,2
DA:8,2
DA:10,2
DA:11,3
DA:16,3
DA:17,1
DA:19,3
DA:20,3
DA:21,3
DA:22,1
DA:24,2
DA:25,2
DA:28,2
DA:29,4
DA:30,4
DA:32,4
DA:34,0
DA:37,0
DA:38,0
DA:50,0
DA:51,0
DA:56,0
DA:61,0
DA:62,0
DA:86,0
DA:87,0
DA:93,0
DA:94,0
DA:100,0
DA:104,0
DA:105,0
DA:106,0
DA:108,0
DA:111,0
DA:114,0
DA:115,0
DA:118,0
DA:130,0
DA:132,0
DA:133,0
DA:134,0
DA:135,0
DA:136,0
DA:137,0
DA:140,0
DA:155,0
DA:165,0
DA:182,0
DA:191,1
DA:192,1
DA:195,1
DA:196,1
DA:205,0
DA:206,0
DA:213,0
DA:214,0
DA:215,0
DA:218,0
DA:234,2
DA:235,2
DA:239,1
DA:240,1
DA:247,2
DA:248,2
DA:250,2
DA:258,1
DA:261,4
DA:262,1
DA:266,2
DA:267,2
DA:270,2
DA:273,5
DA:274,5
DA:275,5
LF:74
LH:36
BRDA:16,0,0,1
BRDA:16,0,1,2
BRDA:21,1,0,1
BRDA:21,1,1,2
BRDA:32,2,0,0
BRDA:32,3,0,2
BRDA:37,4,0,0
BRDA:42,5,0,0
BRDA:42,5,1,0
BRDA:122,6,0,0
BRDA:123,7,0,0
BRDA:124,8,0,0
BRDA:125,9,0,0
BRDA:126,10,0,0
BRDA:127,11,0,0
BRDA:128,12,0,0
BRDA:129,13,0,0
BRDA:144,14,0,0
BRDA:144,14,1,0
BRDA:145,15,0,0
BRDA:145,15,1,0
BRDA:148,16,0,0
BRDA:148,16,1,0
BRDA:157,17,0,0
BRDA:157,17,1,0
BRDA:157,18,0,0
BRDA:157,18,1,0
BRDA:181,19,0,0
BRDA:181,19,1,0
BRDA:195,20,0,1
BRDA:195,21,0,1
BRDA:195,22,0,0
BRDA:197,23,0,0
BRDA:197,23,1,1
BRDA:213,24,0,0
BRDA:213,25,0,0
BRDA:213,26,0,0
BRDA:218,27,0,0
BRDA:218,27,1,0
BRDA:220,28,0,0
BRDA:220,28,1,0
BRDA:261,29,0,1
BRDA:261,29,1,3
BRF:43
BRH:10
end_of_record
